This is pdfTeX, Version 3.141592653-2.6-1.40.23 (TeX Live 2021/W32TeX) (preloaded format=pdflatex 2021.10.28)  1 JAN 2022 12:57
entering extended mode
 restricted \write18 enabled.
 %&-line parsing enabled.
**ojies-template.tex
(./ojies-template.tex
LaTeX2e <2021-06-01> patch level 1
L3 programming layer <2021-10-18> (./ieeeojies.cls (./IEEEtran.cls
Document Class: IEEEtran 2015/08/26 V1.8b by Michael Shell
-- See the "IEEEtran_HOWTO" manual for usage information.
-- http://www.michaelshell.org/tex/ieeetran/
\@IEEEtrantmpdimenA=\dimen138
\@IEEEtrantmpdimenB=\dimen139
\@IEEEtrantmpdimenC=\dimen140
\@IEEEtrantmpcountA=\count182
\@IEEEtrantmpcountB=\count183
\@IEEEtrantmpcountC=\count184
\@IEEEtrantmptoksA=\toks16
LaTeX Font Info:    Trying to load font information for OT1+ptm on input line 5
03.
(c:/texlive/2021/texmf-dist/tex/latex/psnfss/ot1ptm.fd
File: ot1ptm.fd 2001/06/04 font definitions for OT1/ptm.
)
-- Using 8.5in x 11in (letter) paper.
-- Using PDF output.
\@IEEEnormalsizeunitybaselineskip=\dimen141
-- This is a 10 point document.
\CLASSINFOnormalsizebaselineskip=\dimen142
\CLASSINFOnormalsizeunitybaselineskip=\dimen143
\IEEEnormaljot=\dimen144
LaTeX Font Info:    Font shape `OT1/ptm/bx/n' in size <5> not available
(Font)              Font shape `OT1/ptm/b/n' tried instead on input line 1090.
LaTeX Font Info:    Font shape `OT1/ptm/bx/it' in size <5> not available
(Font)              Font shape `OT1/ptm/b/it' tried instead on input line 1090.

LaTeX Font Info:    Font shape `OT1/ptm/bx/n' in size <7> not available
(Font)              Font shape `OT1/ptm/b/n' tried instead on input line 1090.
LaTeX Font Info:    Font shape `OT1/ptm/bx/it' in size <7> not available
(Font)              Font shape `OT1/ptm/b/it' tried instead on input line 1090.

LaTeX Font Info:    Font shape `OT1/ptm/bx/n' in size <8> not available
(Font)              Font shape `OT1/ptm/b/n' tried instead on input line 1090.
LaTeX Font Info:    Font shape `OT1/ptm/bx/it' in size <8> not available
(Font)              Font shape `OT1/ptm/b/it' tried instead on input line 1090.

LaTeX Font Info:    Font shape `OT1/ptm/bx/n' in size <9> not available
(Font)              Font shape `OT1/ptm/b/n' tried instead on input line 1090.
LaTeX Font Info:    Font shape `OT1/ptm/bx/it' in size <9> not available
(Font)              Font shape `OT1/ptm/b/it' tried instead on input line 1090.

LaTeX Font Info:    Font shape `OT1/ptm/bx/n' in size <10> not available
(Font)              Font shape `OT1/ptm/b/n' tried instead on input line 1090.
LaTeX Font Info:    Font shape `OT1/ptm/bx/it' in size <10> not available
(Font)              Font shape `OT1/ptm/b/it' tried instead on input line 1090.

LaTeX Font Info:    Font shape `OT1/ptm/bx/n' in size <11> not available
(Font)              Font shape `OT1/ptm/b/n' tried instead on input line 1090.
LaTeX Font Info:    Font shape `OT1/ptm/bx/it' in size <11> not available
(Font)              Font shape `OT1/ptm/b/it' tried instead on input line 1090.

LaTeX Font Info:    Font shape `OT1/ptm/bx/n' in size <12> not available
(Font)              Font shape `OT1/ptm/b/n' tried instead on input line 1090.
LaTeX Font Info:    Font shape `OT1/ptm/bx/it' in size <12> not available
(Font)              Font shape `OT1/ptm/b/it' tried instead on input line 1090.

LaTeX Font Info:    Font shape `OT1/ptm/bx/n' in size <17> not available
(Font)              Font shape `OT1/ptm/b/n' tried instead on input line 1090.
LaTeX Font Info:    Font shape `OT1/ptm/bx/it' in size <17> not available
(Font)              Font shape `OT1/ptm/b/it' tried instead on input line 1090.

LaTeX Font Info:    Font shape `OT1/ptm/bx/n' in size <20> not available
(Font)              Font shape `OT1/ptm/b/n' tried instead on input line 1090.
LaTeX Font Info:    Font shape `OT1/ptm/bx/it' in size <20> not available
(Font)              Font shape `OT1/ptm/b/it' tried instead on input line 1090.

LaTeX Font Info:    Font shape `OT1/ptm/bx/n' in size <24> not available
(Font)              Font shape `OT1/ptm/b/n' tried instead on input line 1090.
LaTeX Font Info:    Font shape `OT1/ptm/bx/it' in size <24> not available
(Font)              Font shape `OT1/ptm/b/it' tried instead on input line 1090.

\IEEEquantizedlength=\dimen145
\IEEEquantizedlengthdiff=\dimen146
\IEEEquantizedtextheightdiff=\dimen147
\IEEEilabelindentA=\dimen148
\IEEEilabelindentB=\dimen149
\IEEEilabelindent=\dimen150
\IEEEelabelindent=\dimen151
\IEEEdlabelindent=\dimen152
\IEEElabelindent=\dimen153
\IEEEiednormlabelsep=\dimen154
\IEEEiedmathlabelsep=\dimen155
\IEEEiedtopsep=\skip47
\c@section=\count185
\c@subsection=\count186
\c@subsubsection=\count187
\c@paragraph=\count188
\c@IEEEsubequation=\count189
\abovecaptionskip=\skip48
\belowcaptionskip=\skip49
\c@figure=\count190
\c@table=\count191
\@IEEEeqnnumcols=\count192
\@IEEEeqncolcnt=\count193
\@IEEEsubeqnnumrollback=\count194
\@IEEEquantizeheightA=\dimen156
\@IEEEquantizeheightB=\dimen157
\@IEEEquantizeheightC=\dimen158
\@IEEEquantizeprevdepth=\dimen159
\@IEEEquantizemultiple=\count195
\@IEEEquantizeboxA=\box50
\@IEEEtmpitemindent=\dimen160
\IEEEPARstartletwidth=\dimen161
\c@IEEEbiography=\count196
\@IEEEtranrubishbin=\box51
) (c:/texlive/2021/texmf-dist/tex/generic/iftex/ifpdf.sty
Package: ifpdf 2019/10/25 v3.4 ifpdf legacy package. Use iftex instead.

(c:/texlive/2021/texmf-dist/tex/generic/iftex/iftex.sty
Package: iftex 2020/03/06 v1.0d TeX engine tests
))
(c:/texlive/2021/texmf-dist/tex/latex/xkeyval/xkeyval.sty
Package: xkeyval 2020/11/20 v2.8 package option processing (HA)

(c:/texlive/2021/texmf-dist/tex/generic/xkeyval/xkeyval.tex
(c:/texlive/2021/texmf-dist/tex/generic/xkeyval/xkvutils.tex
\XKV@toks=\toks17
\XKV@tempa@toks=\toks18

(c:/texlive/2021/texmf-dist/tex/generic/xkeyval/keyval.tex))
\XKV@depth=\count197
File: xkeyval.tex 2014/12/03 v2.7a key=value parser (HA)
)){c:/texlive/2021/texmf-var/fonts/map/pdftex/updmap/pdftex.map}

pdfTeX warning: pdflatex.exe (file t1-times.map): cannot open font map file


pdfTeX warning: pdflatex.exe (file t1-formata.map): cannot open font map file


pdfTeX warning: pdflatex.exe (file t1-giovannistd.map): cannot open font map fi
le
\@draftversionrule=\dimen162
(c:/texlive/2021/texmf-dist/tex/latex/graphics/color.sty
Package: color 2020/02/24 v1.2b Standard LaTeX Color (DPC)

(c:/texlive/2021/texmf-dist/tex/latex/graphics-cfg/color.cfg
File: color.cfg 2016/01/02 v1.6 sample color configuration
)
Package color Info: Driver file: pdftex.def on input line 149.

(c:/texlive/2021/texmf-dist/tex/latex/graphics-def/pdftex.def
File: pdftex.def 2020/10/05 v1.2a Graphics/color driver for pdftex
))
Package color Info: Redefining color black on input line 135.
\figbox=\box52
\titlewidth=\skip50
\abstractwidth=\skip51
\c@addrCtr=\count198
\abstractbox=\box53
\indexbox=\box54
\absht=\dimen163
\kwdht=\dimen164
\@tempcntc=\count199
\titlepgskip=\skip52
\maketitlebox=\box55
)
(c:/texlive/2021/texmf-dist/tex/latex/cite/cite.sty
LaTeX Info: Redefining \cite on input line 302.
LaTeX Info: Redefining \nocite on input line 332.
Package: cite 2015/02/27  v 5.5
)
(c:/texlive/2021/texmf-dist/tex/latex/amsmath/amsmath.sty
Package: amsmath 2021/04/20 v2.17j AMS math features
\@mathmargin=\skip53

For additional information on amsmath, use the `?' option.
(c:/texlive/2021/texmf-dist/tex/latex/amsmath/amstext.sty
Package: amstext 2000/06/29 v2.01 AMS text

(c:/texlive/2021/texmf-dist/tex/latex/amsmath/amsgen.sty
File: amsgen.sty 1999/11/30 v2.0 generic functions
\@emptytoks=\toks19
\ex@=\dimen165
))
(c:/texlive/2021/texmf-dist/tex/latex/amsmath/amsbsy.sty
Package: amsbsy 1999/11/29 v1.2d Bold Symbols
\pmbraise@=\dimen166
)
(c:/texlive/2021/texmf-dist/tex/latex/amsmath/amsopn.sty
Package: amsopn 2016/03/08 v2.02 operator names
)
\inf@bad=\count266
LaTeX Info: Redefining \frac on input line 234.
\uproot@=\count267
\leftroot@=\count268
LaTeX Info: Redefining \overline on input line 399.
\classnum@=\count269
\DOTSCASE@=\count270
LaTeX Info: Redefining \ldots on input line 496.
LaTeX Info: Redefining \dots on input line 499.
LaTeX Info: Redefining \cdots on input line 620.
\Mathstrutbox@=\box56
\strutbox@=\box57
\big@size=\dimen167
LaTeX Font Info:    Redeclaring font encoding OML on input line 743.
LaTeX Font Info:    Redeclaring font encoding OMS on input line 744.
\macc@depth=\count271
\c@MaxMatrixCols=\count272
\dotsspace@=\muskip16
\c@parentequation=\count273
\dspbrk@lvl=\count274
\tag@help=\toks20
\row@=\count275
\column@=\count276
\maxfields@=\count277
\andhelp@=\toks21
\eqnshift@=\dimen168
\alignsep@=\dimen169
\tagshift@=\dimen170
\tagwidth@=\dimen171
\totwidth@=\dimen172
\lineht@=\dimen173
\@envbody=\toks22
\multlinegap=\skip54
\multlinetaggap=\skip55
\mathdisplay@stack=\toks23
LaTeX Info: Redefining \[ on input line 2923.
LaTeX Info: Redefining \] on input line 2924.
)
(c:/texlive/2021/texmf-dist/tex/latex/amsfonts/amssymb.sty
Package: amssymb 2013/01/14 v3.01 AMS font symbols

(c:/texlive/2021/texmf-dist/tex/latex/amsfonts/amsfonts.sty
Package: amsfonts 2013/01/14 v3.01 Basic AMSFonts support
\symAMSa=\mathgroup4
\symAMSb=\mathgroup5
LaTeX Font Info:    Redeclaring math symbol \hbar on input line 98.
LaTeX Font Info:    Overwriting math alphabet `\mathfrak' in version `bold'
(Font)                  U/euf/m/n --> U/euf/b/n on input line 106.
))
(c:/texlive/2021/texmf-dist/tex/latex/algorithms/algorithmic.sty
Package: algorithmic 2009/08/24 v0.1 Document Style `algorithmic'

(c:/texlive/2021/texmf-dist/tex/latex/base/ifthen.sty
Package: ifthen 2020/11/24 v1.1c Standard LaTeX ifthen package (DPC)
)
\c@ALC@unique=\count278
\c@ALC@line=\count279
\c@ALC@rem=\count280
\c@ALC@depth=\count281
\ALC@tlm=\skip56
\algorithmicindent=\skip57
)
(c:/texlive/2021/texmf-dist/tex/latex/graphics/graphicx.sty
Package: graphicx 2020/12/05 v1.2c Enhanced LaTeX Graphics (DPC,SPQR)

(c:/texlive/2021/texmf-dist/tex/latex/graphics/graphics.sty
Package: graphics 2021/03/04 v1.4d Standard LaTeX Graphics (DPC,SPQR)

(c:/texlive/2021/texmf-dist/tex/latex/graphics/trig.sty
Package: trig 2016/01/03 v1.10 sin cos tan (DPC)
)
(c:/texlive/2021/texmf-dist/tex/latex/graphics-cfg/graphics.cfg
File: graphics.cfg 2016/06/04 v1.11 sample graphics configuration
)
Package graphics Info: Driver file: pdftex.def on input line 107.
)
\Gin@req@height=\dimen174
\Gin@req@width=\dimen175
)
(c:/texlive/2021/texmf-dist/tex/latex/base/textcomp.sty
Package: textcomp 2020/02/02 v2.0n Standard LaTeX package
)
(c:/texlive/2021/texmf-dist/tex/latex/import/import.sty
Package: import 2020/04/01  v 6.2
)
(c:/texlive/2021/texmf-dist/tex/latex/caption/subcaption.sty
Package: subcaption 2020/10/07 v1.3j Sub-captions (AR)

(c:/texlive/2021/texmf-dist/tex/latex/caption/caption.sty
Package: caption 2020/10/26 v3.5g Customizing captions (AR)

(c:/texlive/2021/texmf-dist/tex/latex/caption/caption3.sty
Package: caption3 2020/10/21 v2.2e caption3 kernel (AR)
\captionmargin=\dimen176
\captionmargin@=\dimen177
\captionwidth=\dimen178
\caption@tempdima=\dimen179
\caption@indent=\dimen180
\caption@parindent=\dimen181
\caption@hangindent=\dimen182
Package caption Info: Unknown document class (or package),
(caption)             standard defaults will be used.
Package caption Info: \@makecaption = \long macro:#1#2->\ifx \@captype \@IEEEta
blestring \begin {flushleft} \vspace *{5pt} {\vss \color {ojiescolor}\tablecaph
eadfont #1. \ }{\raggedright \tablecapfont #2\vss }\end {flushleft} \@IEEEtable
captionsepspace \else \@IEEEfigurecaptionsepspace \setbox \@tempboxa \hbox {\st
rut {\color {ojiescolor}\figcapheadfont #1. \ }\raggedright \figcapfont #2\stru
t }\setbox \@tempboxa \hbox {{\color {ojiescolor}\figcapheadfont #1. \ }}{\vss 
\raggedright \noindent \unhbox \@tempboxa \figcapfont #2\vss }\fi \vskip 1pt pl
us 1pt minus 1pt on input line 1139.
)

Package caption Warning: Unknown document class (or package),
(caption)                standard defaults will be used.
See the caption package documentation for explanation.

\c@caption@flags=\count282
\c@continuedfloat=\count283
)
\c@subfigure=\count284
\c@subtable=\count285
) (c:/texlive/2021/texmf-dist/tex/latex/tools/multicol.sty
Package: multicol 2019/12/09 v1.8y multicolumn formatting (FMi)
\c@tracingmulticols=\count286
\mult@box=\box58
\multicol@leftmargin=\dimen183
\c@unbalance=\count287
\c@collectmore=\count288
\doublecol@number=\count289
\multicoltolerance=\count290
\multicolpretolerance=\count291
\full@width=\dimen184
\page@free=\dimen185
\premulticols=\dimen186
\postmulticols=\dimen187
\multicolsep=\skip58
\multicolbaselineskip=\skip59
\partial@page=\box59
\last@line=\box60
\maxbalancingoverflow=\dimen188
\mult@rightbox=\box61
\mult@grightbox=\box62
\mult@gfirstbox=\box63
\mult@firstbox=\box64
\@tempa=\box65
\@tempa=\box66
\@tempa=\box67
\@tempa=\box68
\@tempa=\box69
\@tempa=\box70
\@tempa=\box71
\@tempa=\box72
\@tempa=\box73
\@tempa=\box74
\@tempa=\box75
\@tempa=\box76
\@tempa=\box77
\@tempa=\box78
\@tempa=\box79
\@tempa=\box80
\@tempa=\box81
\@tempa=\box82
\@tempa=\box83
\@tempa=\box84
\@tempa=\box85
\@tempa=\box86
\@tempa=\box87
\@tempa=\box88
\@tempa=\box89
\@tempa=\box90
\@tempa=\box91
\@tempa=\box92
\@tempa=\box93
\@tempa=\box94
\@tempa=\box95
\@tempa=\box96
\@tempa=\box97
\@tempa=\box98
\@tempa=\box99
\@tempa=\box100
\@tempa=\box101
\c@minrows=\count292
\c@columnbadness=\count293
\c@finalcolumnbadness=\count294
\last@try=\dimen189
\multicolovershoot=\dimen190
\multicolundershoot=\dimen191
\mult@nat@firstbox=\box102
\colbreak@box=\box103
\mc@col@check@num=\count295
)
(c:/texlive/2021/texmf-dist/tex/latex/listings/listings.sty
\lst@mode=\count296
\lst@gtempboxa=\box104
\lst@token=\toks24
\lst@length=\count297
\lst@currlwidth=\dimen192
\lst@column=\count298
\lst@pos=\count299
\lst@lostspace=\dimen193
\lst@width=\dimen194
\lst@newlines=\count300
\lst@lineno=\count301
\lst@maxwidth=\dimen195

(c:/texlive/2021/texmf-dist/tex/latex/listings/lstmisc.sty
File: lstmisc.sty 2020/03/24 1.8d (Carsten Heinz)
\c@lstnumber=\count302
\lst@skipnumbers=\count303
\lst@framebox=\box105
)
(c:/texlive/2021/texmf-dist/tex/latex/listings/listings.cfg
File: listings.cfg 2020/03/24 1.8d listings configuration
))
Package: listings 2020/03/24 1.8d (Carsten Heinz)

(c:/texlive/2021/texmf-dist/tex/latex/amscls/amsthm.sty
Package: amsthm 2020/05/29 v2.20.6
\thm@style=\toks25
\thm@bodyfont=\toks26
\thm@headfont=\toks27
\thm@notefont=\toks28
\thm@headpunct=\toks29
\thm@preskip=\skip60
\thm@postskip=\skip61
\thm@headsep=\skip62
\dth@everypar=\toks30
)
(c:/texlive/2021/texmf-dist/tex/latex/stmaryrd/stmaryrd.sty
Package: stmaryrd 1994/03/03 St Mary's Road symbol package
\symstmry=\mathgroup6
LaTeX Font Info:    Overwriting symbol font `stmry' in version `bold'
(Font)                  U/stmry/m/n --> U/stmry/b/n on input line 89.
)
(c:/texlive/2021/texmf-dist/tex/latex/wasysym/wasysym.sty
Package: wasysym 2020/01/19 v2.4 Wasy-2 symbol support package
\symwasy=\mathgroup7
LaTeX Font Info:    Overwriting symbol font `wasy' in version `bold'
(Font)                  U/wasy/m/n --> U/wasy/b/n on input line 93.
LaTeX Font Info:    Redeclaring math symbol \ocircle on input line 243.
)
(c:/texlive/2021/texmf-dist/tex/latex/tools/array.sty
Package: array 2021/04/20 v2.5e Tabular extension package (FMi)
\col@sep=\dimen196
\ar@mcellbox=\box106
\extrarowheight=\dimen197
\NC@list=\toks31
\extratabsurround=\skip63
\backup@length=\skip64
\ar@cellbox=\box107
)
(c:/texlive/2021/texmf-dist/tex/latex/lipsum/lipsum.sty
(c:/texlive/2021/texmf-dist/tex/latex/l3packages/l3keys2e/l3keys2e.sty
(c:/texlive/2021/texmf-dist/tex/latex/l3kernel/expl3.sty
Package: expl3 2021-10-18 L3 programming layer (loader) 

(c:/texlive/2021/texmf-dist/tex/latex/l3backend/l3backend-pdftex.def
File: l3backend-pdftex.def 2021-10-18 L3 backend support: PDF output (pdfTeX)
\l__color_backend_stack_int=\count304
\l__pdf_internal_box=\box108
))
Package: l3keys2e 2021-08-27 LaTeX2e option processing using LaTeX3 keys
)
Package: lipsum 2021-09-20 v2.7 150 paragraphs of Lorem Ipsum dummy text
\g__lipsum_par_int=\count305
\l__lipsum_a_int=\count306
\l__lipsum_b_int=\count307

(c:/texlive/2021/texmf-dist/tex/latex/lipsum/lipsum.ltd.tex))
(./ojies-template.aux)
\openout1 = `ojies-template.aux'.

LaTeX Font Info:    Checking defaults for OML/cmm/m/it on input line 32.
LaTeX Font Info:    ... okay on input line 32.
LaTeX Font Info:    Checking defaults for OMS/cmsy/m/n on input line 32.
LaTeX Font Info:    ... okay on input line 32.
LaTeX Font Info:    Checking defaults for OT1/cmr/m/n on input line 32.
LaTeX Font Info:    ... okay on input line 32.
LaTeX Font Info:    Checking defaults for T1/cmr/m/n on input line 32.
LaTeX Font Info:    ... okay on input line 32.
LaTeX Font Info:    Checking defaults for TS1/cmr/m/n on input line 32.
LaTeX Font Info:    ... okay on input line 32.
LaTeX Font Info:    Checking defaults for OMX/cmex/m/n on input line 32.
LaTeX Font Info:    ... okay on input line 32.
LaTeX Font Info:    Checking defaults for U/cmr/m/n on input line 32.
LaTeX Font Info:    ... okay on input line 32.

-- Lines per column: 56 (exact).
LaTeX Font Info:    Trying to load font information for T1+ptm on input line 32
.
(c:/texlive/2021/texmf-dist/tex/latex/psnfss/t1ptm.fd
File: t1ptm.fd 2001/06/04 font definitions for T1/ptm.
)

LaTeX Font Warning: Font shape `T1/ptm/n/n' undefined
(Font)              using `T1/ptm/m/n' instead on input line 32.

(c:/texlive/2021/texmf-dist/tex/context/base/mkii/supp-pdf.mkii
[Loading MPS to PDF converter (version 2006.09.02).]
\scratchcounter=\count308
\scratchdimen=\dimen198
\scratchbox=\box109
\nofMPsegments=\count309
\nofMParguments=\count310
\everyMPshowfont=\toks32
\MPscratchCnt=\count311
\MPscratchDim=\dimen199
\MPnumerator=\count312
\makeMPintoPDFobject=\count313
\everyMPtoPDFconversion=\toks33
) (c:/texlive/2021/texmf-dist/tex/latex/epstopdf-pkg/epstopdf-base.sty
Package: epstopdf-base 2020-01-24 v2.11 Base part for package epstopdf
Package epstopdf-base Info: Redefining graphics rule for `.eps' on input line 4
85.

(c:/texlive/2021/texmf-dist/tex/latex/latexconfig/epstopdf-sys.cfg
File: epstopdf-sys.cfg 2010/07/13 v1.3 Configuration of (r)epstopdf for TeX Liv
e
))
Package caption Info: Begin \AtBeginDocument code.
Package caption Info: listings package is loaded.
Package caption Info: End \AtBeginDocument code.
\c@lstlisting=\count314
LaTeX Font Info:    Trying to load font information for T1+phv on input line 49
.

(c:/texlive/2021/texmf-dist/tex/latex/psnfss/t1phv.fd
File: t1phv.fd 2020/03/25 scalable font definitions for T1/phv.
)

LaTeX Font Warning: Font shape `T1/phv/n/n' undefined
(Font)              using `T1/phv/m/n' instead on input line 49.

LaTeX Font Info:    Trying to load font information for U+msa on input line 52.

(c:/texlive/2021/texmf-dist/tex/latex/amsfonts/umsa.fd
File: umsa.fd 2013/01/14 v3.01 AMS symbols A
)
LaTeX Font Info:    Trying to load font information for U+msb on input line 52.


(c:/texlive/2021/texmf-dist/tex/latex/amsfonts/umsb.fd
File: umsb.fd 2013/01/14 v3.01 AMS symbols B
)
LaTeX Font Info:    Trying to load font information for U+stmry on input line 5
2.

(c:/texlive/2021/texmf-dist/tex/latex/stmaryrd/Ustmry.fd)
LaTeX Font Info:    Trying to load font information for U+wasy on input line 52
.

(c:/texlive/2021/texmf-dist/tex/latex/wasysym/uwasy.fd
File: uwasy.fd 2020/01/19 v2.4 Wasy-2 symbol font definitions
)
LaTeX Font Info:    Calculating math sizes for size <9.9> on input line 78.
LaTeX Font Info:    Calculating math sizes for size <6.6> on input line 78.

Underfull \vbox (badness 4072) has occurred while \output is active []


Underfull \vbox (badness 10000) has occurred while \output is active []

<figures//logo.png, id=1, 336.384pt x 337.698pt>
File: figures//logo.png Graphic file (type png)
<use figures//logo.png>
Package pdftex.def Info: figures//logo.png  used on input line 86.
(pdftex.def)             Requested size: 46.92004pt x 47.10219pt.

Overfull \hbox (1.90002pt too wide) has occurred while \output is active
[] 
 []


Overfull \hbox (505.12177pt too wide) has occurred while \output is active
[]
 []


Overfull \hbox (505.12177pt too wide) has occurred while \output is active
[]
 []


Underfull \hbox (badness 10000) has occurred while \output is active
[]
 []

[1


 <./figures//logo.png>]
<figures//array_factor_polar.png, id=13, 727.518pt x 727.0362pt>
File: figures//array_factor_polar.png Graphic file (type png)
<use figures//array_factor_polar.png>
Package pdftex.def Info: figures//array_factor_polar.png  used on input line 13
6.
(pdftex.def)             Requested size: 191.94873pt x 191.82056pt.
<figures//array_factor_rectangular.png, id=14, 997.326pt x 617.1858pt>
File: figures//array_factor_rectangular.png Graphic file (type png)
<use figures//array_factor_rectangular.png>
Package pdftex.def Info: figures//array_factor_rectangular.png  used on input l
ine 140.
(pdftex.def)             Requested size: 313.17302pt x 193.80241pt.

Overfull \hbox (1.90001pt too wide) in paragraph at lines 135--143
[][] [] 
 []

LaTeX Font Info:    Trying to load font information for T1+pcr on input line 15
4.
(c:/texlive/2021/texmf-dist/tex/latex/psnfss/t1pcr.fd
File: t1pcr.fd 2001/06/04 font definitions for T1/pcr.
)

LaTeX Font Warning: Font shape `T1/pcr/n/n' undefined
(Font)              using `T1/pcr/m/n' instead on input line 154.

<figures//mesh_levels.png, id=15, 1143.3114pt x 627.3036pt>
File: figures//mesh_levels.png Graphic file (type png)
<use figures//mesh_levels.png>
Package pdftex.def Info: figures//mesh_levels.png  used on input line 157.
(pdftex.def)             Requested size: 242.45628pt x 133.02985pt.

LaTeX Warning: `h' float specifier changed to `ht'.

<figures//gain_patch.png, id=16, 776.1798pt x 509.7444pt>
File: figures//gain_patch.png Graphic file (type png)
<use figures//gain_patch.png>
Package pdftex.def Info: figures//gain_patch.png  used on input line 181.
(pdftex.def)             Requested size: 161.64265pt x 106.155pt.
<figures//gain_patch_v.png, id=17, 391.2216pt x 285.2256pt>
File: figures//gain_patch_v.png Graphic file (type png)
<use figures//gain_patch_v.png>
Package pdftex.def Info: figures//gain_patch_v.png  used on input line 185.
(pdftex.def)             Requested size: 161.64265pt x 117.84415pt.
<figures//gain_patch_h.png, id=18, 776.1798pt x 509.7444pt>
File: figures//gain_patch_h.png Graphic file (type png)
<use figures//gain_patch_h.png>
Package pdftex.def Info: figures//gain_patch_h.png  used on input line 189.
(pdftex.def)             Requested size: 161.64265pt x 106.155pt.
<figures//gamma.png, id=19, 1164.5106pt x 627.7854pt>
File: figures//gamma.png Graphic file (type png)
<use figures//gamma.png>
Package pdftex.def Info: figures//gamma.png  used on input line 200.
(pdftex.def)             Requested size: 252.56088pt x 136.14946pt.
<figures//impedances.png, id=20, 1163.0652pt x 636.4578pt>
File: figures//impedances.png Graphic file (type png)
<use figures//impedances.png>
Package pdftex.def Info: figures//impedances.png  used on input line 204.
(pdftex.def)             Requested size: 252.56088pt x 138.20508pt.

Overfull \hbox (1.90002pt too wide) in paragraph at lines 199--207
[][] [] 
 []



pdfTeX warning: pdflatex.exe (file ./figures///B/F_vs_mesh_level.pdf): PDF incl
usion: found PDF version <1.7>, but at most version <1.5> allowed
<figures///B/F_vs_mesh_level.pdf, id=21, 561.09625pt x 421.575pt>
File: figures///B/F_vs_mesh_level.pdf Graphic file (type pdf)
<use figures///B/F_vs_mesh_level.pdf>
Package pdftex.def Info: figures///B/F_vs_mesh_level.pdf  used on input line 21
3.
(pdftex.def)             Requested size: 252.56088pt x 189.75845pt.


pdfTeX warning: pdflatex.exe (file ./figures/B//minGamma_vs_mesh_level.pdf): PD
F inclusion: found PDF version <1.7>, but at most version <1.5> allowed
<figures/B//minGamma_vs_mesh_level.pdf, id=22, 561.09625pt x 421.575pt>
File: figures/B//minGamma_vs_mesh_level.pdf Graphic file (type pdf)
<use figures/B//minGamma_vs_mesh_level.pdf>
Package pdftex.def Info: figures/B//minGamma_vs_mesh_level.pdf  used on input l
ine 217.
(pdftex.def)             Requested size: 252.56088pt x 189.75845pt.

Overfull \hbox (1.90002pt too wide) in paragraph at lines 212--220
[][] [] 
 []

(./figures/A//Array_Factor_Azimuth_Pattern_Polar_Coordinates_tex.pdf_tex
<figures/A//Array_Factor_Azimuth_Pattern_Polar_Coordinates_tex.pdf, id=23, page
=1, 355.14085pt x 411.95529pt>
File: figures/A//Array_Factor_Azimuth_Pattern_Polar_Coordinates_tex.pdf Graphic
 file (type pdf)
<use figures/A//Array_Factor_Azimuth_Pattern_Polar_Coordinates_tex.pdf, page 1>

Package pdftex.def Info: figures/A//Array_Factor_Azimuth_Pattern_Polar_Coordina
tes_tex.pdf , page1 used on input line 56.
(pdftex.def)             Requested size: 242.67355pt x 281.5025pt.
LaTeX Font Info:    Trying to load font information for TS1+ptm on input line 5
7.

(c:/texlive/2021/texmf-dist/tex/latex/psnfss/ts1ptm.fd
File: ts1ptm.fd 2001/06/04 font definitions for TS1/ptm.
)
<figures/A//Array_Factor_Azimuth_Pattern_Polar_Coordinates_tex.pdf, id=24, page
=2, 355.14085pt x 411.95529pt>
File: figures/A//Array_Factor_Azimuth_Pattern_Polar_Coordinates_tex.pdf Graphic
 file (type pdf)
<use figures/A//Array_Factor_Azimuth_Pattern_Polar_Coordinates_tex.pdf, page 2>

Package pdftex.def Info: figures/A//Array_Factor_Azimuth_Pattern_Polar_Coordina
tes_tex.pdf , page2 used on input line 58.
(pdftex.def)             Requested size: 242.67355pt x 281.5025pt.
)
(./figures/A//Array_Factor_Azimuth_Pattern_Rectangular_Coordinates_tex.pdf_tex
<figures/A//Array_Factor_Azimuth_Pattern_Rectangular_Coordinates_tex.pdf, id=25
, page=1, 332.84023pt x 303.95613pt>
File: figures/A//Array_Factor_Azimuth_Pattern_Rectangular_Coordinates_tex.pdf G
raphic file (type pdf)
<use figures/A//Array_Factor_Azimuth_Pattern_Rectangular_Coordinates_tex.pdf, p
age 1>
Package pdftex.def Info: figures/A//Array_Factor_Azimuth_Pattern_Rectangular_Co
ordinates_tex.pdf , page1 used on input line 56.
(pdftex.def)             Requested size: 242.67355pt x 221.61711pt.
<figures/A//Array_Factor_Azimuth_Pattern_Rectangular_Coordinates_tex.pdf, id=26
, page=2, 332.84023pt x 303.95613pt>
File: figures/A//Array_Factor_Azimuth_Pattern_Rectangular_Coordinates_tex.pdf G
raphic file (type pdf)
<use figures/A//Array_Factor_Azimuth_Pattern_Rectangular_Coordinates_tex.pdf, p
age 2>
Package pdftex.def Info: figures/A//Array_Factor_Azimuth_Pattern_Rectangular_Co
ordinates_tex.pdf , page2 used on input line 58.
(pdftex.def)             Requested size: 242.67355pt x 221.61711pt.
) (./figures/B//Second_Contour_LOG_tex.pdf_tex
<figures/B//Second_Contour_LOG_tex.pdf, id=27, page=1, 771.63281pt x 457.71pt>
File: figures/B//Second_Contour_LOG_tex.pdf Graphic file (type pdf)
<use figures/B//Second_Contour_LOG_tex.pdf, page 1>
Package pdftex.def Info: figures/B//Second_Contour_LOG_tex.pdf , page1 used on 
input line 56.
(pdftex.def)             Requested size: 505.12177pt x 299.62416pt.
)

LaTeX Font Warning: Font shape `T1/ptm/n/it' undefined
(Font)              using `T1/ptm/n/n' instead on input line 253.


Underfull \hbox (badness 2050) in paragraph at lines 276--279
\T1/ptm/n/it/10 J. K. Au-thor, ``Name of pa-per,'' Ab-brev. Ti-tle of
 []


Underfull \hbox (badness 4168) in paragraph at lines 276--279
\T1/ptm/n/it/10 Pe-ri-od-i-cal, vol. $\OML/cmm/m/it/10 x$\T1/ptm/n/it/10 , no. 
$\OML/cmm/m/it/10 x$\T1/ptm/n/it/10 , pp. xxx--xxx, Ab-brev.
 []

File: figures//logo.png Graphic file (type png)
<use figures//logo.png>
Package pdftex.def Info: figures//logo.png  used on input line 292.
(pdftex.def)             Requested size: 24.11993pt x 24.21323pt.

Overfull \hbox (505.12177pt too wide) has occurred while \output is active
[]
 []


Underfull \hbox (badness 10000) has occurred while \output is active
[]
 []

[2]
Underfull \vbox (badness 4872) has occurred while \output is active []


Underfull \hbox (badness 1406) in paragraph at lines 317--318
[]\T1/ptm/n/it/10 J. K. Au-thor, pri-vate com-mu-ni-ca-tion, Ab-brev.
 []

(./ojies-template.bbl
File: figures//logo.png Graphic file (type png)
<use figures//logo.png>
Package pdftex.def Info: figures//logo.png  used on input line 35.
(pdftex.def)             Requested size: 24.11993pt x 24.21323pt.

Overfull \hbox (505.12177pt too wide) has occurred while \output is active
[]
 []


Underfull \hbox (badness 10000) has occurred while \output is active
[]
 []

[3 <./figures//array_factor_polar.png (PNG copy)> <./figures//array_factor_rect
angular.png (PNG copy)> <./figures//mesh_levels.png (PNG copy)>]
File: figures//logo.png Graphic file (type png)
<use figures//logo.png>
Package pdftex.def Info: figures//logo.png  used on input line 158.
(pdftex.def)             Requested size: 24.11993pt x 24.21323pt.

Overfull \hbox (505.12177pt too wide) has occurred while \output is active
[]
 []


Underfull \hbox (badness 10000) has occurred while \output is active
[]
 []

[4 <./figures//gain_patch.png (PNG copy)> <./figures//gain_patch_v.png (PNG cop
y)> <./figures//gain_patch_h.png (PNG copy)> <./figures//gamma.png (PNG copy)> 
<./figures//impedances.png (PNG copy)>])
Package epstopdf Info: Source file: <a1.eps>
(epstopdf)                    date: 2021-12-24 11:29:06
(epstopdf)                    size: 237227 bytes
(epstopdf)             Output file: <a1-eps-converted-to.pdf>
(epstopdf)                    date: 2021-12-24 11:29:06
(epstopdf)                    size: 33788 bytes
(epstopdf)             Command: <repstopdf --outfile=a1-eps-converted-to.pdf a1
.eps>
(epstopdf)             \includegraphics on input line 400.
Package epstopdf Info: Output file is already uptodate.
<a1-eps-converted-to.pdf, id=55, 72.27pt x 90.3375pt>
File: a1-eps-converted-to.pdf Graphic file (type pdf)
<use a1-eps-converted-to.pdf>
Package pdftex.def Info: a1-eps-converted-to.pdf  used on input line 400.
(pdftex.def)             Requested size: 72.2709pt x 90.33864pt.
Package epstopdf Info: Source file: <a1.eps>
(epstopdf)                    date: 2021-12-24 11:29:06
(epstopdf)                    size: 237227 bytes
(epstopdf)             Output file: <a1-eps-converted-to.pdf>
(epstopdf)                    date: 2021-12-24 11:29:06
(epstopdf)                    size: 33788 bytes
(epstopdf)             Command: <repstopdf --outfile=a1-eps-converted-to.pdf a1
.eps>
(epstopdf)             \includegraphics on input line 400.
Package epstopdf Info: Output file is already uptodate.
File: a1-eps-converted-to.pdf Graphic file (type pdf)
<use a1-eps-converted-to.pdf>
Package pdftex.def Info: a1-eps-converted-to.pdf  used on input line 400.
(pdftex.def)             Requested size: 72.2709pt x 90.33864pt.
File: figures//logo.png Graphic file (type png)
<use figures//logo.png>
Package pdftex.def Info: figures//logo.png  used on input line 424.
(pdftex.def)             Requested size: 24.11993pt x 24.21323pt.

Overfull \hbox (505.12177pt too wide) has occurred while \output is active
[]
 []


Underfull \hbox (badness 10000) has occurred while \output is active
[]
 []

[5 <./figures///B/F_vs_mesh_level.pdf> <./figures/B//minGamma_vs_mesh_level.pdf
> <./figures/A//Array_Factor_Azimuth_Pattern_Polar_Coordinates_tex.pdf> <./figu
res/A//Array_Factor_Azimuth_Pattern_Polar_Coordinates_tex.pdf

pdfTeX warning: pdflatex.exe (file ./figures/A//Array_Factor_Azimuth_Pattern_Po
lar_Coordinates_tex.pdf): PDF inclusion: multiple pdfs with page group included
 in a single page
> <./figures/A//Array_Factor_Azimuth_Pattern_Rectangular_Coordinates_tex.pdf

pdfTeX warning: pdflatex.exe (file ./figures/A//Array_Factor_Azimuth_Pattern_Re
ctangular_Coordinates_tex.pdf): PDF inclusion: multiple pdfs with page group in
cluded in a single page
> <./figures/A//Array_Factor_Azimuth_Pattern_Rectangular_Coordinates_tex.pdf

pdfTeX warning: pdflatex.exe (file ./figures/A//Array_Factor_Azimuth_Pattern_Re
ctangular_Coordinates_tex.pdf): PDF inclusion: multiple pdfs with page group in
cluded in a single page
>]
Package epstopdf Info: Source file: <a2.eps>
(epstopdf)                    date: 2021-12-24 11:29:06
(epstopdf)                    size: 237227 bytes
(epstopdf)             Output file: <a2-eps-converted-to.pdf>
(epstopdf)                    date: 2021-12-24 11:29:06
(epstopdf)                    size: 30248 bytes
(epstopdf)             Command: <repstopdf --outfile=a2-eps-converted-to.pdf a2
.eps>
(epstopdf)             \includegraphics on input line 426.
Package epstopdf Info: Output file is already uptodate.
<a2-eps-converted-to.pdf, id=233, 72.27pt x 90.3375pt>
File: a2-eps-converted-to.pdf Graphic file (type pdf)
<use a2-eps-converted-to.pdf>
Package pdftex.def Info: a2-eps-converted-to.pdf  used on input line 426.
(pdftex.def)             Requested size: 72.2709pt x 90.33864pt.
Package epstopdf Info: Source file: <a2.eps>
(epstopdf)                    date: 2021-12-24 11:29:06
(epstopdf)                    size: 237227 bytes
(epstopdf)             Output file: <a2-eps-converted-to.pdf>
(epstopdf)                    date: 2021-12-24 11:29:06
(epstopdf)                    size: 30248 bytes
(epstopdf)             Command: <repstopdf --outfile=a2-eps-converted-to.pdf a2
.eps>
(epstopdf)             \includegraphics on input line 426.
Package epstopdf Info: Output file is already uptodate.
File: a2-eps-converted-to.pdf Graphic file (type pdf)
<use a2-eps-converted-to.pdf>
Package pdftex.def Info: a2-eps-converted-to.pdf  used on input line 426.
(pdftex.def)             Requested size: 72.2709pt x 90.33864pt.
Package epstopdf Info: Source file: <a3.eps>
(epstopdf)                    date: 2021-12-24 11:29:06
(epstopdf)                    size: 237227 bytes
(epstopdf)             Output file: <a3-eps-converted-to.pdf>
(epstopdf)                    date: 2021-12-24 11:29:06
(epstopdf)                    size: 32855 bytes
(epstopdf)             Command: <repstopdf --outfile=a3-eps-converted-to.pdf a3
.eps>
(epstopdf)             \includegraphics on input line 439.
Package epstopdf Info: Output file is already uptodate.
<a3-eps-converted-to.pdf, id=236, 72.27pt x 90.3375pt>
File: a3-eps-converted-to.pdf Graphic file (type pdf)
<use a3-eps-converted-to.pdf>
Package pdftex.def Info: a3-eps-converted-to.pdf  used on input line 439.
(pdftex.def)             Requested size: 72.2709pt x 90.33864pt.
Package epstopdf Info: Source file: <a3.eps>
(epstopdf)                    date: 2021-12-24 11:29:06
(epstopdf)                    size: 237227 bytes
(epstopdf)             Output file: <a3-eps-converted-to.pdf>
(epstopdf)                    date: 2021-12-24 11:29:06
(epstopdf)                    size: 32855 bytes
(epstopdf)             Command: <repstopdf --outfile=a3-eps-converted-to.pdf a3
.eps>
(epstopdf)             \includegraphics on input line 439.
Package epstopdf Info: Output file is already uptodate.
File: a3-eps-converted-to.pdf Graphic file (type pdf)
<use a3-eps-converted-to.pdf>
Package pdftex.def Info: a3-eps-converted-to.pdf  used on input line 439.
(pdftex.def)             Requested size: 72.2709pt x 90.33864pt.
File: figures//logo.png Graphic file (type png)
<use figures//logo.png>
Package pdftex.def Info: figures//logo.png  used on input line 455.
(pdftex.def)             Requested size: 24.11993pt x 24.21323pt.

Overfull \hbox (505.12177pt too wide) has occurred while \output is active
[]
 []


Underfull \hbox (badness 10000) has occurred while \output is active
[]
 []

[6 <./a1-eps-converted-to.pdf> <./a2-eps-converted-to.pdf> <./figures/B//Second
_Contour_LOG_tex.pdf

pdfTeX warning: pdflatex.exe (file ./figures/B//Second_Contour_LOG_tex.pdf): PD
F inclusion: multiple pdfs with page group included in a single page
>]
File: figures//logo.png Graphic file (type png)
<use figures//logo.png>
Package pdftex.def Info: figures//logo.png  used on input line 459.
(pdftex.def)             Requested size: 24.11993pt x 24.21323pt.

Overfull \hbox (505.12177pt too wide) has occurred while \output is active
[]
 []


Underfull \hbox (badness 10000) has occurred while \output is active
[]
 []

[7

 <./a3-eps-converted-to.pdf>] (./ojies-template.aux)

LaTeX Font Warning: Some font shapes were not available, defaults substituted.

 ) 
Here is how much of TeX's memory you used:
 8289 strings out of 478579
 132504 string characters out of 5857457
 550012 words of memory out of 5000000
 25991 multiletter control sequences out of 15000+600000
 498496 words of font info for 169 fonts, out of 8000000 for 9000
 1141 hyphenation exceptions out of 8191
 83i,17n,131p,521b,585s stack positions out of 5000i,500n,10000p,200000b,80000s
{c:/texlive/2021/texmf-dist/fonts/enc/dvips/base/8r.enc}<c:/texlive/2021/texm
f-dist/fonts/type1/public/amsfonts/cm/cmex10.pfb><c:/texlive/2021/texmf-dist/fo
nts/type1/public/amsfonts/cmextra/cmex8.pfb><c:/texlive/2021/texmf-dist/fonts/t
ype1/public/amsfonts/cm/cmmi10.pfb><c:/texlive/2021/texmf-dist/fonts/type1/publ
ic/amsfonts/cm/cmmi6.pfb><c:/texlive/2021/texmf-dist/fonts/type1/public/amsfont
s/cm/cmmi7.pfb><c:/texlive/2021/texmf-dist/fonts/type1/public/amsfonts/cm/cmmi8
.pfb><c:/texlive/2021/texmf-dist/fonts/type1/public/amsfonts/cm/cmr10.pfb><c:/t
exlive/2021/texmf-dist/fonts/type1/public/amsfonts/cm/cmr6.pfb><c:/texlive/2021
/texmf-dist/fonts/type1/public/amsfonts/cm/cmr7.pfb><c:/texlive/2021/texmf-dist
/fonts/type1/public/amsfonts/cm/cmr8.pfb><c:/texlive/2021/texmf-dist/fonts/type
1/public/amsfonts/cm/cmsy10.pfb><c:/texlive/2021/texmf-dist/fonts/type1/public/
amsfonts/cm/cmsy6.pfb><c:/texlive/2021/texmf-dist/fonts/type1/public/amsfonts/c
m/cmsy7.pfb><c:/texlive/2021/texmf-dist/fonts/type1/urw/courier/ucrr8a.pfb><c:/
texlive/2021/texmf-dist/fonts/type1/urw/helvetic/uhvb8a.pfb><c:/texlive/2021/te
xmf-dist/fonts/type1/urw/helvetic/uhvbo8a.pfb><c:/texlive/2021/texmf-dist/fonts
/type1/urw/helvetic/uhvr8a.pfb><c:/texlive/2021/texmf-dist/fonts/type1/urw/time
s/utmb8a.pfb><c:/texlive/2021/texmf-dist/fonts/type1/urw/times/utmbi8a.pfb><c:/
texlive/2021/texmf-dist/fonts/type1/urw/times/utmr8a.pfb><c:/texlive/2021/texmf
-dist/fonts/type1/urw/times/utmri8a.pfb><c:/texlive/2021/texmf-dist/fonts/type1
/public/wasy-type1/wasy10.pfb>
Output written on ojies-template.pdf (7 pages, 1105224 bytes).
PDF statistics:
 360 PDF objects out of 1000 (max. 8388607)
 204 compressed objects within 3 object streams
 0 named destinations out of 1000 (max. 500000)
 132 words of extra memory for PDF output out of 10000 (max. 10000000)

